============================= test session starts =============================
platform win32 -- Python 3.12.7, pytest-8.4.2, pluggy-1.6.0 -- C:\Users\mdahl\.conda\envs\pytorch-5090\python.exe
cachedir: .pytest_cache
hypothesis profile 'default'
rootdir: d:\pg\packages\pg_translator
configfile: pyproject.toml
plugins: anyio-4.10.0, hypothesis-6.140.2, asyncio-1.2.0, cov-7.0.0
asyncio: mode=Mode.STRICT, debug=False, asyncio_default_fixture_loop_scope=None, asyncio_default_test_loop_scope=function
collecting ... collected 157 items

packages\pg_translator\tests\test_tutorial_sample_problems.py::test_tutorial_problem_renders[AlgebraicFractionAnswer] PASSED [  0%]
packages\pg_translator\tests\test_tutorial_sample_problems.py::test_tutorial_problem_renders[AnswerBlankInExponent] PASSED [  1%]
packages\pg_translator\tests\test_tutorial_sample_problems.py::test_tutorial_problem_renders[AnswerUpToMultiple] PASSED [  1%]
packages\pg_translator\tests\test_tutorial_sample_problems.py::test_tutorial_problem_renders[DomainRange] PASSED [  2%]
packages\pg_translator\tests\test_tutorial_sample_problems.py::test_tutorial_problem_renders[DynamicGraph] PASSED [  3%]
packages\pg_translator\tests\test_tutorial_sample_problems.py::test_tutorial_problem_renders[EquationDefiningFunction] PASSED [  3%]
packages\pg_translator\tests\test_tutorial_sample_problems.py::test_tutorial_problem_renders[EquationImplicitFunction] PASSED [  4%]
packages\pg_translator\tests\test_tutorial_sample_problems.py::test_tutorial_problem_renders[ExpandedPolynomial] PASSED [  5%]
packages\pg_translator\tests\test_tutorial_sample_problems.py::test_tutorial_problem_renders[FactoredPolynomial] PASSED [  5%]
packages\pg_translator\tests\test_tutorial_sample_problems.py::test_tutorial_problem_renders[FractionAnswer] PASSED [  6%]
packages\pg_translator\tests\test_tutorial_sample_problems.py::test_tutorial_problem_renders[FunctionDecomposition] PASSED [  7%]
packages\pg_translator\tests\test_tutorial_sample_problems.py::test_tutorial_problem_renders[FunctionPlot] PASSED [  7%]
packages\pg_translator\tests\test_tutorial_sample_problems.py::test_tutorial_problem_renders[GraphToolCircle] PASSED [  8%]
packages\pg_translator\tests\test_tutorial_sample_problems.py::test_tutorial_problem_renders[GraphToolCubic] PASSED [  8%]
packages\pg_translator\tests\test_tutorial_sample_problems.py::test_tutorial_problem_renders[GraphToolCustomChecker] PASSED [  9%]
packages\pg_translator\tests\test_tutorial_sample_problems.py::test_tutorial_problem_renders[GraphToolLine] PASSED [ 10%]
packages\pg_translator\tests\test_tutorial_sample_problems.py::test_tutorial_problem_renders[GraphToolNumberLine] PASSED [ 10%]
packages\pg_translator\tests\test_tutorial_sample_problems.py::test_tutorial_problem_renders[GraphToolPoints] PASSED [ 11%]
packages\pg_translator\tests\test_tutorial_sample_problems.py::test_tutorial_problem_renders[InequalityAnswer] PASSED [ 12%]
packages\pg_translator\tests\test_tutorial_sample_problems.py::test_tutorial_problem_renders[LinearInequality] PASSED [ 12%]
packages\pg_translator\tests\test_tutorial_sample_problems.py::test_tutorial_problem_renders[Logarithms] PASSED [ 13%]
packages\pg_translator\tests\test_tutorial_sample_problems.py::test_tutorial_problem_renders[NoSolution] PASSED [ 14%]
packages\pg_translator\tests\test_tutorial_sample_problems.py::test_tutorial_problem_renders[PointAnswers] PASSED [ 14%]
packages\pg_translator\tests\test_tutorial_sample_problems.py::test_tutorial_problem_renders[ScalingTranslating] PASSED [ 15%]
packages\pg_translator\tests\test_tutorial_sample_problems.py::test_tutorial_problem_renders[SimpleFactoring] PASSED [ 15%]
packages\pg_translator\tests\test_tutorial_sample_problems.py::test_tutorial_problem_renders[SolutionForEquation] PASSED [ 16%]
packages\pg_translator\tests\test_tutorial_sample_problems.py::test_tutorial_problem_renders[StringOrOtherType] PASSED [ 17%]
packages\pg_translator\tests\test_tutorial_sample_problems.py::test_tutorial_problem_renders[TableOfValues] PASSED [ 17%]
packages\pg_translator\tests\test_tutorial_sample_problems.py::test_tutorial_problem_renders[UnorderedAnswers] PASSED [ 18%]
packages\pg_translator\tests\test_tutorial_sample_problems.py::test_tutorial_problem_renders[UnitConversion] PASSED [ 19%]
packages\pg_translator\tests\test_tutorial_sample_problems.py::test_tutorial_problem_renders[ComplexOperations] PASSED [ 19%]
packages\pg_translator\tests\test_tutorial_sample_problems.py::test_tutorial_problem_renders[LimitedComplex] PASSED [ 20%]
packages\pg_translator\tests\test_tutorial_sample_problems.py::test_tutorial_problem_renders[OtherOperations] PASSED [ 21%]
packages\pg_translator\tests\test_tutorial_sample_problems.py::test_tutorial_problem_renders[AnswerWithUnits] PASSED [ 21%]
packages\pg_translator\tests\test_tutorial_sample_problems.py::test_tutorial_problem_renders[DifferenceQuotient] PASSED [ 22%]
packages\pg_translator\tests\test_tutorial_sample_problems.py::test_tutorial_problem_renders[DifferentiateFunction] PASSED [ 22%]
packages\pg_translator\tests\test_tutorial_sample_problems.py::test_tutorial_problem_renders[LinearApprox] PASSED [ 23%]
packages\pg_translator\tests\test_tutorial_sample_problems.py::test_tutorial_problem_renders[ContourPlot] PASSED [ 24%]
packages\pg_translator\tests\test_tutorial_sample_problems.py::test_tutorial_problem_renders[ImplicitPlane] PASSED [ 24%]
packages\pg_translator\tests\test_tutorial_sample_problems.py::test_tutorial_problem_renders[VectorFieldPlot] PASSED [ 25%]
packages\pg_translator\tests\test_tutorial_sample_problems.py::test_tutorial_problem_renders[GeneralSolutionODE] PASSED [ 26%]
packages\pg_translator\tests\test_tutorial_sample_problems.py::test_tutorial_problem_renders[HeavisideStep] PASSED [ 26%]
packages\pg_translator\tests\test_tutorial_sample_problems.py::test_tutorial_problem_renders[PrimesInFormulas] PASSED [ 27%]
packages\pg_translator\tests\test_tutorial_sample_problems.py::test_tutorial_problem_renders[LineSegmentGraphTool] PASSED [ 28%]
packages\pg_translator\tests\test_tutorial_sample_problems.py::test_tutorial_problem_renders[QuadrilateralGraphTool] PASSED [ 28%]
packages\pg_translator\tests\test_tutorial_sample_problems.py::test_tutorial_problem_renders[TriangleGraphTool] PASSED [ 29%]
packages\pg_translator\tests\test_tutorial_sample_problems.py::test_tutorial_problem_renders[DoubleIntegral] PASSED [ 29%]
packages\pg_translator\tests\test_tutorial_sample_problems.py::test_tutorial_problem_renders[GraphShading] PASSED [ 30%]
packages\pg_translator\tests\test_tutorial_sample_problems.py::test_tutorial_problem_renders[GraphShadingPlot] PASSED [ 31%]
packages\pg_translator\tests\test_tutorial_sample_problems.py::test_tutorial_problem_renders[IndefiniteIntegrals] PASSED [ 31%]
packages\pg_translator\tests\test_tutorial_sample_problems.py::test_tutorial_problem_renders[LimitsOfIntegration] PASSED [ 32%]
packages\pg_translator\tests\test_tutorial_sample_problems.py::test_tutorial_problem_renders[RiemannSumPlot] PASSED [ 33%]
packages\pg_translator\tests\test_tutorial_sample_problems.py::test_tutorial_problem_renders[RiemannSums] PASSED [ 33%]
packages\pg_translator\tests\test_tutorial_sample_problems.py::test_tutorial_problem_renders[VolumeOfRevolution] PASSED [ 34%]
packages\pg_translator\tests\test_tutorial_sample_problems.py::test_tutorial_problem_renders[MatrixAnswer1] PASSED [ 35%]
packages\pg_translator\tests\test_tutorial_sample_problems.py::test_tutorial_problem_renders[MatrixAnswer2] PASSED [ 35%]
packages\pg_translator\tests\test_tutorial_sample_problems.py::test_tutorial_problem_renders[MatrixCustomAnswerChecker] PASSED [ 36%]
packages\pg_translator\tests\test_tutorial_sample_problems.py::test_tutorial_problem_renders[MatrixOperations] PASSED [ 36%]
packages\pg_translator\tests\test_tutorial_sample_problems.py::test_tutorial_problem_renders[RowOperations] PASSED [ 37%]
packages\pg_translator\tests\test_tutorial_sample_problems.py::test_tutorial_problem_renders[ChemicalReaction] PASSED [ 38%]
packages\pg_translator\tests\test_tutorial_sample_problems.py::test_tutorial_problem_renders[DraggableProof] PASSED [ 38%]
packages\pg_translator\tests\test_tutorial_sample_problems.py::test_tutorial_problem_renders[DynamicGraphPolygon] PASSED [ 39%]
packages\pg_translator\tests\test_tutorial_sample_problems.py::test_tutorial_problem_renders[EssayAnswer] PASSED [ 40%]
packages\pg_translator\tests\test_tutorial_sample_problems.py::test_tutorial_problem_renders[FormulaAnswer] PASSED [ 40%]
packages\pg_translator\tests\test_tutorial_sample_problems.py::test_tutorial_problem_renders[FormulaDomain] PASSED [ 41%]
packages\pg_translator\tests\test_tutorial_sample_problems.py::test_tutorial_problem_renders[FormulaTestPoints] PASSED [ 42%]
packages\pg_translator\tests\test_tutorial_sample_problems.py::test_tutorial_problem_renders[IframeEmbedding] PASSED [ 42%]
packages\pg_translator\tests\test_tutorial_sample_problems.py::test_tutorial_problem_renders[ManyMultipleChoice] PASSED [ 43%]
packages\pg_translator\tests\test_tutorial_sample_problems.py::test_tutorial_problem_renders[Matching] PASSED [ 43%]
packages\pg_translator\tests\test_tutorial_sample_problems.py::test_tutorial_problem_renders[MatchingAlt] FAILED [ 44%]
packages\pg_translator\tests\test_tutorial_sample_problems.py::test_tutorial_problem_renders[MatchingGraphs] PASSED [ 45%]
packages\pg_translator\tests\test_tutorial_sample_problems.py::test_tutorial_problem_renders[MultipleChoiceCheckbox] PASSED [ 45%]
packages\pg_translator\tests\test_tutorial_sample_problems.py::test_tutorial_problem_renders[MultipleChoicePopup] PASSED [ 46%]
packages\pg_translator\tests\test_tutorial_sample_problems.py::test_tutorial_problem_renders[MultipleChoiceRadio] PASSED [ 47%]
packages\pg_translator\tests\test_tutorial_sample_problems.py::test_tutorial_problem_renders[RandomPerson] PASSED [ 47%]
packages\pg_translator\tests\test_tutorial_sample_problems.py::test_tutorial_problem_renders[Scaffolding] PASSED [ 48%]
packages\pg_translator\tests\test_tutorial_sample_problems.py::test_tutorial_problem_renders[ParametricEquationAnswers] PASSED [ 49%]
packages\pg_translator\tests\test_tutorial_sample_problems.py::test_tutorial_problem_renders[ParametricPlot] PASSED [ 49%]
packages\pg_translator\tests\test_tutorial_sample_problems.py::test_tutorial_problem_renders[ParametricPlotAlt] FAILED [ 50%]
packages\pg_translator\tests\test_tutorial_sample_problems.py::test_tutorial_problem_renders[PolarGraph] PASSED [ 50%]
packages\pg_translator\tests\test_tutorial_sample_problems.py::test_tutorial_problem_renders[PolarGraphPlot] PASSED [ 51%]
packages\pg_translator\tests\test_tutorial_sample_problems.py::test_tutorial_problem_renders[Spacecurve] PASSED [ 52%]
packages\pg_translator\tests\test_tutorial_sample_problems.py::test_tutorial_problem_renders[SpaceCurveGraph] PASSED [ 52%]
packages\pg_translator\tests\test_tutorial_sample_problems.py::test_tutorial_problem_renders[SurfaceGraph] PASSED [ 53%]
packages\pg_translator\tests\test_tutorial_sample_problems.py::test_tutorial_problem_renders[VectorParametricDerivative] PASSED [ 54%]
packages\pg_translator\tests\test_tutorial_sample_problems.py::test_tutorial_problem_renders[VectorParametricFunction] PASSED [ 54%]
packages\pg_translator\tests\test_tutorial_sample_problems.py::test_tutorial_problem_renders[VectorParametricLines] PASSED [ 55%]
packages\pg_translator\tests\test_tutorial_sample_problems.py::test_tutorial_problem_renders[AdaptiveParameters] PASSED [ 56%]
packages\pg_translator\tests\test_tutorial_sample_problems.py::test_tutorial_problem_renders[AnswerHints] PASSED [ 56%]
packages\pg_translator\tests\test_tutorial_sample_problems.py::test_tutorial_problem_renders[AnswerInExponent] PASSED [ 57%]
packages\pg_translator\tests\test_tutorial_sample_problems.py::test_tutorial_problem_renders[AnswerIsSolutionToEquation] PASSED [ 57%]
packages\pg_translator\tests\test_tutorial_sample_problems.py::test_tutorial_problem_renders[AnyAnswerMarkedCorrect] PASSED [ 58%]
packages\pg_translator\tests\test_tutorial_sample_problems.py::test_tutorial_problem_renders[CalculatingWithPoints] PASSED [ 59%]
packages\pg_translator\tests\test_tutorial_sample_problems.py::test_tutorial_problem_renders[ComposingFunctions] PASSED [ 59%]
packages\pg_translator\tests\test_tutorial_sample_problems.py::test_tutorial_problem_renders[ConstantsInProblems] PASSED [ 60%]
packages\pg_translator\tests\test_tutorial_sample_problems.py::test_tutorial_problem_renders[CustomAnswerCheckers] FAILED [ 61%]
packages\pg_translator\tests\test_tutorial_sample_problems.py::test_tutorial_problem_renders[CustomAnswerListChecker] PASSED [ 61%]
packages\pg_translator\tests\test_tutorial_sample_problems.py::test_tutorial_problem_renders[DataTables] PASSED [ 62%]
packages\pg_translator\tests\test_tutorial_sample_problems.py::test_tutorial_problem_renders[DefiningFunctions] PASSED [ 63%]
packages\pg_translator\tests\test_tutorial_sample_problems.py::test_tutorial_problem_renders[DifferentiatingFormulas] PASSED [ 63%]
packages\pg_translator\tests\test_tutorial_sample_problems.py::test_tutorial_problem_renders[DigitsTolType] PASSED [ 64%]
packages\pg_translator\tests\test_tutorial_sample_problems.py::test_tutorial_problem_renders[DisableFunctions] PASSED [ 64%]
packages\pg_translator\tests\test_tutorial_sample_problems.py::test_tutorial_problem_renders[DraggableSubsets] PASSED [ 65%]
packages\pg_translator\tests\test_tutorial_sample_problems.py::test_tutorial_problem_renders[EquationEvaluators] PASSED [ 66%]
packages\pg_translator\tests\test_tutorial_sample_problems.py::test_tutorial_problem_renders[EquationsDefiningFunctions] PASSED [ 66%]
packages\pg_translator\tests\test_tutorial_sample_problems.py::test_tutorial_problem_renders[ErrorMessageCustomization] PASSED [ 67%]
packages\pg_translator\tests\test_tutorial_sample_problems.py::test_tutorial_problem_renders[EvalVersusSubstitute] PASSED [ 68%]
packages\pg_translator\tests\test_tutorial_sample_problems.py::test_tutorial_problem_renders[ExtractingCoordinatesFromPoint] PASSED [ 68%]
packages\pg_translator\tests\test_tutorial_sample_problems.py::test_tutorial_problem_renders[FactoringAndExpanding] PASSED [ 69%]
packages\pg_translator\tests\test_tutorial_sample_problems.py::test_tutorial_problem_renders[FormattingDecimals] PASSED [ 70%]
packages\pg_translator\tests\test_tutorial_sample_problems.py::test_tutorial_problem_renders[FormulasToConstants] PASSED [ 70%]
packages\pg_translator\tests\test_tutorial_sample_problems.py::test_tutorial_problem_renders[GraphsInTables] FAILED [ 71%]
packages\pg_translator\tests\test_tutorial_sample_problems.py::test_tutorial_problem_renders[HtmlLinks] PASSED [ 71%]
packages\pg_translator\tests\test_tutorial_sample_problems.py::test_tutorial_problem_renders[Images] FAILED [ 72%]
packages\pg_translator\tests\test_tutorial_sample_problems.py::test_tutorial_problem_renders[InequalityEvaluators] PASSED [ 73%]
packages\pg_translator\tests\test_tutorial_sample_problems.py::test_tutorial_problem_renders[IntervalEvaluators] PASSED [ 73%]
packages\pg_translator\tests\test_tutorial_sample_problems.py::test_tutorial_problem_renders[Knowls] PASSED [ 74%]
packages\pg_translator\tests\test_tutorial_sample_problems.py::test_tutorial_problem_renders[LayoutTable] PASSED [ 75%]
packages\pg_translator\tests\test_tutorial_sample_problems.py::test_tutorial_problem_renders[Multianswer] PASSED [ 75%]
packages\pg_translator\tests\test_tutorial_sample_problems.py::test_tutorial_problem_renders[NumericalTolerance] PASSED [ 76%]
packages\pg_translator\tests\test_tutorial_sample_problems.py::test_tutorial_problem_renders[OtherVariables] PASSED [ 77%]
packages\pg_translator\tests\test_tutorial_sample_problems.py::test_tutorial_problem_renders[Percent] PASSED [ 77%]
packages\pg_translator\tests\test_tutorial_sample_problems.py::test_tutorial_problem_renders[RandomFunction] PASSED [ 78%]
packages\pg_translator\tests\test_tutorial_sample_problems.py::test_tutorial_problem_renders[RestrictAnswerToFraction] PASSED [ 78%]
packages\pg_translator\tests\test_tutorial_sample_problems.py::test_tutorial_problem_renders[RestrictingFunctions] PASSED [ 79%]
packages\pg_translator\tests\test_tutorial_sample_problems.py::test_tutorial_problem_renders[SimplePopUp] PASSED [ 80%]
packages\pg_translator\tests\test_tutorial_sample_problems.py::test_tutorial_problem_renders[StaticImages] PASSED [ 80%]
packages\pg_translator\tests\test_tutorial_sample_problems.py::test_tutorial_problem_renders[StringsInContext] PASSED [ 81%]
packages\pg_translator\tests\test_tutorial_sample_problems.py::test_tutorial_problem_renders[TikZImages] PASSED [ 82%]
packages\pg_translator\tests\test_tutorial_sample_problems.py::test_tutorial_problem_renders[WeightedGrader] PASSED [ 82%]
packages\pg_translator\tests\test_tutorial_sample_problems.py::test_tutorial_problem_renders[AnswerOrderedList] PASSED [ 83%]
packages\pg_translator\tests\test_tutorial_sample_problems.py::test_tutorial_problem_renders[ExplicitSequence] PASSED [ 84%]
packages\pg_translator\tests\test_tutorial_sample_problems.py::test_tutorial_problem_renders[RecursiveSequence] PASSED [ 84%]
packages\pg_translator\tests\test_tutorial_sample_problems.py::test_tutorial_problem_renders[SeriesTest] PASSED [ 85%]
packages\pg_translator\tests\test_tutorial_sample_problems.py::test_tutorial_problem_renders[CommentsForInstructors] PASSED [ 85%]
packages\pg_translator\tests\test_tutorial_sample_problems.py::test_tutorial_problem_renders[BarGraph] PASSED [ 86%]
packages\pg_translator\tests\test_tutorial_sample_problems.py::test_tutorial_problem_renders[LinearRegression] FAILED [ 87%]
packages\pg_translator\tests\test_tutorial_sample_problems.py::test_tutorial_problem_renders[MeanStdDev] PASSED [ 87%]
packages\pg_translator\tests\test_tutorial_sample_problems.py::test_tutorial_problem_renders[ScatterPlot] PASSED [ 88%]
packages\pg_translator\tests\test_tutorial_sample_problems.py::test_tutorial_problem_renders[DisableFunctionsTrig] PASSED [ 89%]
packages\pg_translator\tests\test_tutorial_sample_problems.py::test_tutorial_problem_renders[DraggableIdentity] PASSED [ 89%]
packages\pg_translator\tests\test_tutorial_sample_problems.py::test_tutorial_problem_renders[PeriodicAnswers] PASSED [ 90%]
packages\pg_translator\tests\test_tutorial_sample_problems.py::test_tutorial_problem_renders[ProvingTrigIdentities] FAILED [ 91%]
packages\pg_translator\tests\test_tutorial_sample_problems.py::test_tutorial_problem_renders[SpecialTrigValues] PASSED [ 91%]
packages\pg_translator\tests\test_tutorial_sample_problems.py::test_tutorial_problem_renders[TrigDegrees] PASSED [ 92%]
packages\pg_translator\tests\test_tutorial_sample_problems.py::test_tutorial_problem_renders[TrigIdentities] PASSED [ 92%]
packages\pg_translator\tests\test_tutorial_sample_problems.py::test_tutorial_problem_renders[CylindricalGraph3D] PASSED [ 93%]
packages\pg_translator\tests\test_tutorial_sample_problems.py::test_tutorial_problem_renders[DirectionField] PASSED [ 94%]
packages\pg_translator\tests\test_tutorial_sample_problems.py::test_tutorial_problem_renders[GraphToolVectors] PASSED [ 94%]
packages\pg_translator\tests\test_tutorial_sample_problems.py::test_tutorial_problem_renders[RectangularGraph3D] PASSED [ 95%]
packages\pg_translator\tests\test_tutorial_sample_problems.py::test_tutorial_problem_renders[VectorFieldGraph2D] PASSED [ 96%]
packages\pg_translator\tests\test_tutorial_sample_problems.py::test_tutorial_problem_renders[VectorFieldGraph3D1] PASSED [ 96%]
packages\pg_translator\tests\test_tutorial_sample_problems.py::test_tutorial_problem_renders[VectorLineSegment1] PASSED [ 97%]
packages\pg_translator\tests\test_tutorial_sample_problems.py::test_tutorial_problem_renders[VectorLineSegment2] PASSED [ 98%]
packages\pg_translator\tests\test_tutorial_sample_problems.py::test_tutorial_problem_renders[VectorOperations] FAILED [ 98%]
packages\pg_translator\tests\test_tutorial_sample_problems.py::test_tutorial_problem_renders[VectorParametricLine] PASSED [ 99%]
packages\pg_translator\tests\test_tutorial_sample_problems.py::test_tutorial_problem_renders[Vectors] FAILED [100%]

============================== warnings summary ===============================
packages\pg_translator\tests\test_tutorial_sample_problems.py:138
  d:\pg\packages\pg_translator\tests\test_tutorial_sample_problems.py:138: PytestUnknownMarkWarning: Unknown pytest.mark.slow - is this a typo?  You can register custom marks to avoid this warning - for details, see https://docs.pytest.org/en/stable/how-to/mark.html
    @pytest.mark.slow

tests/test_tutorial_sample_problems.py::test_tutorial_problem_renders[ParametricPlot]
  <string>:1: SyntaxWarning: 'int' object is not callable; perhaps you missed a comma?

-- Docs: https://docs.pytest.org/en/stable/how-to/capture-warnings.html
=========================== short test summary info ===========================
FAILED packages\pg_translator\tests\test_tutorial_sample_problems.py::test_tutorial_problem_renders[MatchingAlt]
FAILED packages\pg_translator\tests\test_tutorial_sample_problems.py::test_tutorial_problem_renders[ParametricPlotAlt]
FAILED packages\pg_translator\tests\test_tutorial_sample_problems.py::test_tutorial_problem_renders[CustomAnswerCheckers]
FAILED packages\pg_translator\tests\test_tutorial_sample_problems.py::test_tutorial_problem_renders[GraphsInTables]
FAILED packages\pg_translator\tests\test_tutorial_sample_problems.py::test_tutorial_problem_renders[Images]
FAILED packages\pg_translator\tests\test_tutorial_sample_problems.py::test_tutorial_problem_renders[LinearRegression]
FAILED packages\pg_translator\tests\test_tutorial_sample_problems.py::test_tutorial_problem_renders[ProvingTrigIdentities]
FAILED packages\pg_translator\tests\test_tutorial_sample_problems.py::test_tutorial_problem_renders[VectorOperations]
FAILED packages\pg_translator\tests\test_tutorial_sample_problems.py::test_tutorial_problem_renders[Vectors]
================= 9 failed, 148 passed, 2 warnings in 14.63s ==================
